-------------------------------------------------------------------------------
Test set: betterplace.betterplacebcd.controle.DoacaoControllerTest
-------------------------------------------------------------------------------
Tests run: 1, Failures: 0, Errors: 1, Skipped: 0, Time elapsed: 1.235 s <<< FAILURE! - in betterplace.betterplacebcd.controle.DoacaoControllerTest
doarNull  Time elapsed: 0.001 s  <<< ERROR!
java.lang.IllegalStateException: Failed to load ApplicationContext
Caused by: org.springframework.beans.factory.UnsatisfiedDependencyException: Error creating bean with name 'doacaoController': Unsatisfied dependency expressed through field '_doacaoService'; nested exception is org.springframework.beans.factory.NoSuchBeanDefinitionException: No qualifying bean of type 'betterplace.betterplacebcd.services.doacao.IDoacaoService' available: expected at least 1 bean which qualifies as autowire candidate. Dependency annotations: {@org.springframework.beans.factory.annotation.Autowired(required=true)}
Caused by: org.springframework.beans.factory.NoSuchBeanDefinitionException: No qualifying bean of type 'betterplace.betterplacebcd.services.doacao.IDoacaoService' available: expected at least 1 bean which qualifies as autowire candidate. Dependency annotations: {@org.springframework.beans.factory.annotation.Autowired(required=true)}

